2025-04-04 11:25:14.261758 - Received CBT.V508.FILE542.PDS from FILE542.XMI 
2025-04-04 11:25:14.263581 - Found $$$#DATE.txt (text/plain) in CBT.V508.FILE542.PDS, moved to PDS/$$$#DATE
2025-04-04 11:25:14.263735 - Found $$$INDEX.txt (text/plain) in CBT.V508.FILE542.PDS, moved to PDS/$$$INDEX
2025-04-04 11:25:14.263881 - Found $$$NOTE.eml (message/rfc822) in CBT.V508.FILE542.PDS, moved to PDS/$$$NOTE
2025-04-04 11:25:14.264015 - Found $$NOTE01.eml (message/rfc822) in CBT.V508.FILE542.PDS, moved to PDS/$$NOTE01
2025-04-04 11:25:14.264136 - Found $$NOTE02.eml (message/rfc822) in CBT.V508.FILE542.PDS, moved to PDS/$$NOTE02
2025-04-04 11:25:14.264256 - Found $$NOTE03.eml (message/rfc822) in CBT.V508.FILE542.PDS, moved to PDS/$$NOTE03
2025-04-04 11:25:14.264386 - Found $$NOTE04.eml (message/rfc822) in CBT.V508.FILE542.PDS, moved to PDS/$$NOTE04
2025-04-04 11:25:14.264507 - Found $$NOTE05.eml (message/rfc822) in CBT.V508.FILE542.PDS, moved to PDS/$$NOTE05
2025-04-04 11:25:14.264651 - Found $$NOTE06.eml (message/rfc822) in CBT.V508.FILE542.PDS, moved to PDS/$$NOTE06
2025-04-04 11:25:14.264783 - Found $$NOTE07.txt (text/plain) in CBT.V508.FILE542.PDS, moved to PDS/$$NOTE07
2025-04-04 11:25:14.264922 - Found $$README.txt (text/plain) in CBT.V508.FILE542.PDS, moved to PDS/$$README
2025-04-04 11:25:14.265046 - Found $SWABOVE.txt (text/plain) in CBT.V508.FILE542.PDS, moved to PDS/$SWABOVE
2025-04-04 11:25:14.265161 - Found #DELDUP.rexx (text/plain) in CBT.V508.FILE542.PDS, moved to PDS/#DELDUP
2025-04-04 11:25:14.265287 - Found #DELNDUP.rexx (text/plain) in CBT.V508.FILE542.PDS, moved to PDS/#DELNDUP
2025-04-04 11:25:14.265415 - Found @FILE542.txt (text/plain) in CBT.V508.FILE542.PDS, moved to PDS/@FILE542
2025-04-04 11:25:14.265529 - Found ALICOUN$.jcl (text/plain) in CBT.V508.FILE542.PDS, moved to PDS/ALICOUN$
2025-04-04 11:25:14.265655 - Found ALICOUNT.rexx (text/plain) in CBT.V508.FILE542.PDS, moved to PDS/ALICOUNT
2025-04-04 11:25:14.265804 - Found ALIMAKE.rexx (text/plain) in CBT.V508.FILE542.PDS, moved to PDS/ALIMAKE
2025-04-04 11:25:14.265941 - Found ALIMAKE$.jcl (text/plain) in CBT.V508.FILE542.PDS, moved to PDS/ALIMAKE$
2025-04-04 11:25:14.266075 - Found BODGECAT.rexx (text/plain) in CBT.V508.FILE542.PDS, moved to PDS/BODGECAT
2025-04-04 11:25:14.266209 - Found CSICODE.rexx (text/plain) in CBT.V508.FILE542.PDS, moved to PDS/CSICODE
2025-04-04 11:25:14.266352 - Found CSICODE$.jcl (text/plain) in CBT.V508.FILE542.PDS, moved to PDS/CSICODE$
2025-04-04 11:25:14.266470 - Found CSICODEO.rexx (text/plain) in CBT.V508.FILE542.PDS, moved to PDS/CSICODEO
2025-04-04 11:25:14.266619 - Found CSICODEV.rexx (text/plain) in CBT.V508.FILE542.PDS, moved to PDS/CSICODEV
2025-04-04 11:25:14.266739 - Found CSITAPE$.jcl (text/plain) in CBT.V508.FILE542.PDS, moved to PDS/CSITAPE$
2025-04-04 11:25:14.266881 - Found CSITAPES.rexx (text/plain) in CBT.V508.FILE542.PDS, moved to PDS/CSITAPES
2025-04-04 11:25:14.267001 - Found DDSCAN.rexx (text/plain) in CBT.V508.FILE542.PDS, moved to PDS/DDSCAN
2025-04-04 11:25:14.267125 - Found DEFINES.rexx (text/plain) in CBT.V508.FILE542.PDS, moved to PDS/DEFINES
2025-04-04 11:25:14.267250 - Found DEFINE01.jcl (text/plain) in CBT.V508.FILE542.PDS, moved to PDS/DEFINE01
2025-04-04 11:25:14.267383 - Found HFSSTAT.rexx (text/plain) in CBT.V508.FILE542.PDS, moved to PDS/HFSSTAT
2025-04-04 11:25:14.267686 - Found IVPJOB.jcl (text/plain) in CBT.V508.FILE542.PDS, moved to PDS/IVPJOB
2025-04-04 11:25:14.267864 - Found IVPOUTPT.txt (text/plain) in CBT.V508.FILE542.PDS, moved to PDS/IVPOUTPT
2025-04-04 11:25:14.268009 - Found MAKEINDX.rexx (text/plain) in CBT.V508.FILE542.PDS, moved to PDS/MAKEINDX
2025-04-04 11:25:14.268136 - Found RCNVTCA$.jcl (text/plain) in CBT.V508.FILE542.PDS, moved to PDS/RCNVTCA$
2025-04-04 11:25:14.268284 - Found RCNVTCAT.rexx (text/plain) in CBT.V508.FILE542.PDS, moved to PDS/RCNVTCAT
2025-04-04 11:25:14.268416 - Found RCNVTC00.rexx (text/plain) in CBT.V508.FILE542.PDS, moved to PDS/RCNVTC00
2025-04-04 11:25:14.268547 - Found RCNVTC01.rexx (text/plain) in CBT.V508.FILE542.PDS, moved to PDS/RCNVTC01
2025-04-04 11:25:14.268663 - Found RDA.rexx (text/plain) in CBT.V508.FILE542.PDS, moved to PDS/RDA
2025-04-04 11:25:14.268789 - Found RINIT.rexx (text/plain) in CBT.V508.FILE542.PDS, moved to PDS/RINIT
2025-04-04 11:25:14.268933 - Found SCNVTCAT.rexx (text/plain) in CBT.V508.FILE542.PDS, moved to PDS/SCNVTCAT
2025-04-04 11:25:14.269067 - Found SPACE.rexx (text/plain) in CBT.V508.FILE542.PDS, moved to PDS/SPACE
2025-04-04 11:25:14.269201 - Found SPACENEW.rexx (text/plain) in CBT.V508.FILE542.PDS, moved to PDS/SPACENEW
2025-04-04 11:25:14.269336 - Found SPACEZ23.rexx (text/plain) in CBT.V508.FILE542.PDS, moved to PDS/SPACEZ23
2025-04-04 11:25:14.269451 - Found SWAREQ22.rexx (text/plain) in CBT.V508.FILE542.PDS, moved to PDS/SWAREQ22
2025-04-04 11:25:14.269578 - Found SYSINF.rexx (text/plain) in CBT.V508.FILE542.PDS, moved to PDS/SYSINF
2025-04-04 11:25:14.269704 - Found TABLSTAT.rexx (text/plain) in CBT.V508.FILE542.PDS, moved to PDS/TABLSTAT
